2022-02-03 13:15:15.493  INFO 19720 --- [main] Gdsc.web.controller.BasicControllerTest  : Starting BasicControllerTest using Java 16.0.2 on HC-notebook with PID 19720 (started by 82109 in C:\Project\Devtools\GDSC-WEB-BackEnd)
2022-02-03 13:15:15.505  INFO 19720 --- [main] Gdsc.web.controller.BasicControllerTest  : No active profile set, falling back to default profiles: default
2022-02-03 13:15:17.666  INFO 19720 --- [main] .s.d.r.c.RepositoryConfigurationDelegate : Bootstrapping Spring Data JPA repositories in DEFAULT mode.
2022-02-03 13:15:17.851  INFO 19720 --- [main] .s.d.r.c.RepositoryConfigurationDelegate : Finished Spring Data repository scanning in 159 ms. Found 2 JPA repository interfaces.
2022-02-03 13:15:19.103  INFO 19720 --- [main] o.hibernate.jpa.internal.util.LogHelper  : HHH000204: Processing PersistenceUnitInfo [name: default]
2022-02-03 13:15:19.306  INFO 19720 --- [main] org.hibernate.Version                    : HHH000412: Hibernate ORM core version 5.4.32.Final
2022-02-03 13:15:19.654  INFO 19720 --- [main] o.hibernate.annotations.common.Version   : HCANN000001: Hibernate Commons Annotations {5.1.2.Final}
2022-02-03 13:15:20.033  INFO 19720 --- [main] com.zaxxer.hikari.HikariDataSource       : HikariPool-1 - Starting...
2022-02-03 13:15:20.397  INFO 19720 --- [main] com.zaxxer.hikari.HikariDataSource       : HikariPool-1 - Start completed.
2022-02-03 13:15:20.500  INFO 19720 --- [main] org.hibernate.dialect.Dialect            : HHH000400: Using dialect: org.hibernate.dialect.MySQL57Dialect
2022-02-03 13:15:22.000  INFO 19720 --- [main] o.h.e.t.j.p.i.JtaPlatformInitiator       : HHH000490: Using JtaPlatform implementation: [org.hibernate.engine.transaction.jta.platform.internal.NoJtaPlatform]
2022-02-03 13:15:22.020  INFO 19720 --- [main] j.LocalContainerEntityManagerFactoryBean : Initialized JPA EntityManagerFactory for persistence unit 'default'
2022-02-03 13:15:24.299  INFO 19720 --- [main] o.s.s.web.DefaultSecurityFilterChain     : Will secure any request with [org.springframework.security.web.context.request.async.WebAsyncManagerIntegrationFilter@1d1da00b, org.springframework.security.web.context.SecurityContextPersistenceFilter@79e28671, org.springframework.security.web.header.HeaderWriterFilter@6e757f39, org.springframework.web.filter.CorsFilter@270097ce, org.springframework.security.web.authentication.logout.LogoutFilter@3b38f032, Gdsc.web.config.jwt.JwtAuthenticationFilter@2db4a84a, Gdsc.web.config.jwt.JwtAuthorizationFilter@5cef5fc9, org.springframework.security.web.savedrequest.RequestCacheAwareFilter@488c6c98, org.springframework.security.web.servletapi.SecurityContextHolderAwareRequestFilter@5cfa9e8a, org.springframework.security.web.authentication.AnonymousAuthenticationFilter@b867869, org.springframework.security.web.session.SessionManagementFilter@77511e9c, org.springframework.security.web.access.ExceptionTranslationFilter@260043d, org.springframework.security.web.access.intercept.FilterSecurityInterceptor@192b76a4]
2022-02-03 13:15:24.396  INFO 19720 --- [main] pertySourcedRequestMappingHandlerMapping : Mapped URL path [/v2/api-docs] onto method [springfox.documentation.swagger2.web.Swagger2Controller#getDocumentation(String, HttpServletRequest)]
2022-02-03 13:15:25.664  INFO 19720 --- [main] d.s.w.p.DocumentationPluginsBootstrapper : Context refreshed
2022-02-03 13:15:25.708  INFO 19720 --- [main] d.s.w.p.DocumentationPluginsBootstrapper : Found 1 custom documentation plugin(s)
2022-02-03 13:15:25.761  INFO 19720 --- [main] s.d.s.w.s.ApiListingReferenceScanner     : Scanning for api listing references
2022-02-03 13:15:26.101  INFO 19720 --- [main] Gdsc.web.controller.BasicControllerTest  : Started BasicControllerTest in 11.188 seconds (JVM running for 12.981)
2022-02-03 13:15:26.566  INFO 19720 --- [main] o.s.mock.web.MockServletContext          : Initializing Spring TestDispatcherServlet ''
2022-02-03 13:15:26.566  INFO 19720 --- [main] o.s.t.web.servlet.TestDispatcherServlet  : Initializing Servlet ''
2022-02-03 13:15:26.567  INFO 19720 --- [main] o.s.t.web.servlet.TestDispatcherServlet  : Completed initialization in 0 ms
2022-02-03 13:15:26.662  INFO 19720 --- [SpringApplicationShutdownHook] j.LocalContainerEntityManagerFactoryBean : Closing JPA EntityManagerFactory for persistence unit 'default'
2022-02-03 13:15:26.665  INFO 19720 --- [SpringApplicationShutdownHook] com.zaxxer.hikari.HikariDataSource       : HikariPool-1 - Shutdown initiated...
2022-02-03 13:15:26.677  INFO 19720 --- [SpringApplicationShutdownHook] com.zaxxer.hikari.HikariDataSource       : HikariPool-1 - Shutdown completed.
2022-02-03 13:15:57.689  INFO 20468 --- [restartedMain] Gdsc.web.GdscWebApplication              : Starting GdscWebApplication using Java 16.0.2 on HC-notebook with PID 20468 (C:\Project\Devtools\GDSC-WEB-BackEnd\build\classes\java\main started by 82109 in C:\Project\Devtools\GDSC-WEB-BackEnd)
2022-02-03 13:15:57.693  INFO 20468 --- [restartedMain] Gdsc.web.GdscWebApplication              : No active profile set, falling back to default profiles: default
2022-02-03 13:15:57.748  INFO 20468 --- [restartedMain] .e.DevToolsPropertyDefaultsPostProcessor : Devtools property defaults active! Set 'spring.devtools.add-properties' to 'false' to disable
2022-02-03 13:15:57.749  INFO 20468 --- [restartedMain] .e.DevToolsPropertyDefaultsPostProcessor : For additional web related logging consider setting the 'logging.level.web' property to 'DEBUG'
2022-02-03 13:15:59.065  INFO 20468 --- [restartedMain] .s.d.r.c.RepositoryConfigurationDelegate : Bootstrapping Spring Data JPA repositories in DEFAULT mode.
2022-02-03 13:15:59.171  INFO 20468 --- [restartedMain] .s.d.r.c.RepositoryConfigurationDelegate : Finished Spring Data repository scanning in 95 ms. Found 2 JPA repository interfaces.
2022-02-03 13:15:59.968  INFO 20468 --- [restartedMain] o.s.b.w.embedded.tomcat.TomcatWebServer  : Tomcat initialized with port(s): 8080 (http)
2022-02-03 13:15:59.992  INFO 20468 --- [restartedMain] o.apache.catalina.core.StandardService   : Starting service [Tomcat]
2022-02-03 13:15:59.993  INFO 20468 --- [restartedMain] org.apache.catalina.core.StandardEngine  : Starting Servlet engine: [Apache Tomcat/9.0.52]
2022-02-03 13:16:00.319  INFO 20468 --- [restartedMain] o.a.c.c.C.[Tomcat].[localhost].[/]       : Initializing Spring embedded WebApplicationContext
2022-02-03 13:16:00.325  INFO 20468 --- [restartedMain] w.s.c.ServletWebServerApplicationContext : Root WebApplicationContext: initialization completed in 2575 ms
2022-02-03 13:16:00.663  INFO 20468 --- [restartedMain] o.hibernate.jpa.internal.util.LogHelper  : HHH000204: Processing PersistenceUnitInfo [name: default]
2022-02-03 13:16:00.749  INFO 20468 --- [restartedMain] org.hibernate.Version                    : HHH000412: Hibernate ORM core version 5.4.32.Final
2022-02-03 13:16:00.999  INFO 20468 --- [restartedMain] o.hibernate.annotations.common.Version   : HCANN000001: Hibernate Commons Annotations {5.1.2.Final}
2022-02-03 13:16:01.157  INFO 20468 --- [restartedMain] com.zaxxer.hikari.HikariDataSource       : HikariPool-1 - Starting...
2022-02-03 13:16:01.302  INFO 20468 --- [restartedMain] com.zaxxer.hikari.HikariDataSource       : HikariPool-1 - Start completed.
2022-02-03 13:16:01.329  INFO 20468 --- [restartedMain] org.hibernate.dialect.Dialect            : HHH000400: Using dialect: org.hibernate.dialect.MySQL57Dialect
2022-02-03 13:16:02.160  INFO 20468 --- [restartedMain] o.h.e.t.j.p.i.JtaPlatformInitiator       : HHH000490: Using JtaPlatform implementation: [org.hibernate.engine.transaction.jta.platform.internal.NoJtaPlatform]
2022-02-03 13:16:02.173  INFO 20468 --- [restartedMain] j.LocalContainerEntityManagerFactoryBean : Initialized JPA EntityManagerFactory for persistence unit 'default'
2022-02-03 13:16:03.144  INFO 20468 --- [restartedMain] o.s.s.web.DefaultSecurityFilterChain     : Will secure any request with [org.springframework.security.web.context.request.async.WebAsyncManagerIntegrationFilter@b9f8e99, org.springframework.security.web.context.SecurityContextPersistenceFilter@3d027b0e, org.springframework.security.web.header.HeaderWriterFilter@31ea800d, org.springframework.web.filter.CorsFilter@1c505895, org.springframework.security.web.authentication.logout.LogoutFilter@7f923e3a, Gdsc.web.config.jwt.JwtAuthenticationFilter@3ca7c5c1, Gdsc.web.config.jwt.JwtAuthorizationFilter@10f936e4, org.springframework.security.web.savedrequest.RequestCacheAwareFilter@5b241156, org.springframework.security.web.servletapi.SecurityContextHolderAwareRequestFilter@477f205b, org.springframework.security.web.authentication.AnonymousAuthenticationFilter@16551503, org.springframework.security.web.session.SessionManagementFilter@63d7874c, org.springframework.security.web.access.ExceptionTranslationFilter@7eadbeeb, org.springframework.security.web.access.intercept.FilterSecurityInterceptor@df996b]
2022-02-03 13:16:03.168  INFO 20468 --- [restartedMain] pertySourcedRequestMappingHandlerMapping : Mapped URL path [/v2/api-docs] onto method [springfox.documentation.swagger2.web.Swagger2Controller#getDocumentation(String, HttpServletRequest)]
2022-02-03 13:16:03.361  INFO 20468 --- [restartedMain] o.s.b.d.a.OptionalLiveReloadServer       : LiveReload server is running on port 35729
2022-02-03 13:16:03.622  INFO 20468 --- [restartedMain] o.s.b.w.embedded.tomcat.TomcatWebServer  : Tomcat started on port(s): 8080 (http) with context path ''
2022-02-03 13:16:03.624  INFO 20468 --- [restartedMain] d.s.w.p.DocumentationPluginsBootstrapper : Context refreshed
2022-02-03 13:16:03.646  INFO 20468 --- [restartedMain] d.s.w.p.DocumentationPluginsBootstrapper : Found 1 custom documentation plugin(s)
2022-02-03 13:16:03.687  INFO 20468 --- [restartedMain] s.d.s.w.s.ApiListingReferenceScanner     : Scanning for api listing references
2022-02-03 13:16:03.880  INFO 20468 --- [restartedMain] Gdsc.web.GdscWebApplication              : Started GdscWebApplication in 6.754 seconds (JVM running for 8.003)
2022-02-03 13:16:10.202  INFO 20468 --- [http-nio-8080-exec-1] o.a.c.c.C.[Tomcat].[localhost].[/]       : Initializing Spring DispatcherServlet 'dispatcherServlet'
2022-02-03 13:16:10.202  INFO 20468 --- [http-nio-8080-exec-1] o.s.web.servlet.DispatcherServlet        : Initializing Servlet 'dispatcherServlet'
2022-02-03 13:16:10.203  INFO 20468 --- [http-nio-8080-exec-1] o.s.web.servlet.DispatcherServlet        : Completed initialization in 1 ms
2022-02-03 13:17:59.771  INFO 20468 --- [SpringApplicationShutdownHook] j.LocalContainerEntityManagerFactoryBean : Closing JPA EntityManagerFactory for persistence unit 'default'
2022-02-03 13:17:59.779  INFO 20468 --- [SpringApplicationShutdownHook] com.zaxxer.hikari.HikariDataSource       : HikariPool-1 - Shutdown initiated...
2022-02-03 13:17:59.787  INFO 20468 --- [SpringApplicationShutdownHook] com.zaxxer.hikari.HikariDataSource       : HikariPool-1 - Shutdown completed.
2022-02-03 13:18:06.635  INFO 17096 --- [restartedMain] Gdsc.web.GdscWebApplication              : Starting GdscWebApplication using Java 16.0.2 on HC-notebook with PID 17096 (C:\Project\Devtools\GDSC-WEB-BackEnd\build\classes\java\main started by 82109 in C:\Project\Devtools\GDSC-WEB-BackEnd)
2022-02-03 13:18:06.638  INFO 17096 --- [restartedMain] Gdsc.web.GdscWebApplication              : No active profile set, falling back to default profiles: default
2022-02-03 13:18:06.687  INFO 17096 --- [restartedMain] .e.DevToolsPropertyDefaultsPostProcessor : Devtools property defaults active! Set 'spring.devtools.add-properties' to 'false' to disable
2022-02-03 13:18:06.688  INFO 17096 --- [restartedMain] .e.DevToolsPropertyDefaultsPostProcessor : For additional web related logging consider setting the 'logging.level.web' property to 'DEBUG'
2022-02-03 13:18:07.935  INFO 17096 --- [restartedMain] .s.d.r.c.RepositoryConfigurationDelegate : Bootstrapping Spring Data JPA repositories in DEFAULT mode.
2022-02-03 13:18:08.044  INFO 17096 --- [restartedMain] .s.d.r.c.RepositoryConfigurationDelegate : Finished Spring Data repository scanning in 98 ms. Found 2 JPA repository interfaces.
2022-02-03 13:18:08.812  INFO 17096 --- [restartedMain] o.s.b.w.embedded.tomcat.TomcatWebServer  : Tomcat initialized with port(s): 8080 (http)
2022-02-03 13:18:08.830  INFO 17096 --- [restartedMain] o.apache.catalina.core.StandardService   : Starting service [Tomcat]
2022-02-03 13:18:08.831  INFO 17096 --- [restartedMain] org.apache.catalina.core.StandardEngine  : Starting Servlet engine: [Apache Tomcat/9.0.52]
2022-02-03 13:18:09.068  INFO 17096 --- [restartedMain] o.a.c.c.C.[Tomcat].[localhost].[/]       : Initializing Spring embedded WebApplicationContext
2022-02-03 13:18:09.069  INFO 17096 --- [restartedMain] w.s.c.ServletWebServerApplicationContext : Root WebApplicationContext: initialization completed in 2380 ms
2022-02-03 13:18:09.326  INFO 17096 --- [restartedMain] o.hibernate.jpa.internal.util.LogHelper  : HHH000204: Processing PersistenceUnitInfo [name: default]
2022-02-03 13:18:09.410  INFO 17096 --- [restartedMain] org.hibernate.Version                    : HHH000412: Hibernate ORM core version 5.4.32.Final
2022-02-03 13:18:09.625  INFO 17096 --- [restartedMain] o.hibernate.annotations.common.Version   : HCANN000001: Hibernate Commons Annotations {5.1.2.Final}
2022-02-03 13:18:09.772  INFO 17096 --- [restartedMain] com.zaxxer.hikari.HikariDataSource       : HikariPool-1 - Starting...
2022-02-03 13:18:09.923  INFO 17096 --- [restartedMain] com.zaxxer.hikari.HikariDataSource       : HikariPool-1 - Start completed.
2022-02-03 13:18:09.953  INFO 17096 --- [restartedMain] org.hibernate.dialect.Dialect            : HHH000400: Using dialect: org.hibernate.dialect.MySQL57Dialect
2022-02-03 13:18:10.832  INFO 17096 --- [restartedMain] o.h.e.t.j.p.i.JtaPlatformInitiator       : HHH000490: Using JtaPlatform implementation: [org.hibernate.engine.transaction.jta.platform.internal.NoJtaPlatform]
2022-02-03 13:18:10.845  INFO 17096 --- [restartedMain] j.LocalContainerEntityManagerFactoryBean : Initialized JPA EntityManagerFactory for persistence unit 'default'
2022-02-03 13:18:11.816  INFO 17096 --- [restartedMain] o.s.s.web.DefaultSecurityFilterChain     : Will secure any request with [org.springframework.security.web.context.request.async.WebAsyncManagerIntegrationFilter@5434672, org.springframework.security.web.context.SecurityContextPersistenceFilter@5a7c9d80, org.springframework.security.web.header.HeaderWriterFilter@3923c044, org.springframework.web.filter.CorsFilter@839922b, org.springframework.security.web.authentication.logout.LogoutFilter@24850507, Gdsc.web.config.jwt.JwtAuthenticationFilter@414e63c, Gdsc.web.config.jwt.JwtAuthorizationFilter@5462f4f, org.springframework.security.web.savedrequest.RequestCacheAwareFilter@3af04f2d, org.springframework.security.web.servletapi.SecurityContextHolderAwareRequestFilter@3b103f50, org.springframework.security.web.authentication.AnonymousAuthenticationFilter@49b620b3, org.springframework.security.web.session.SessionManagementFilter@7621e16d, org.springframework.security.web.access.ExceptionTranslationFilter@1c775814, org.springframework.security.web.access.intercept.FilterSecurityInterceptor@4532d76e]
2022-02-03 13:18:11.841  INFO 17096 --- [restartedMain] pertySourcedRequestMappingHandlerMapping : Mapped URL path [/v2/api-docs] onto method [springfox.documentation.swagger2.web.Swagger2Controller#getDocumentation(String, HttpServletRequest)]
2022-02-03 13:18:12.030  INFO 17096 --- [restartedMain] o.s.b.d.a.OptionalLiveReloadServer       : LiveReload server is running on port 35729
2022-02-03 13:18:12.307  INFO 17096 --- [restartedMain] o.s.b.w.embedded.tomcat.TomcatWebServer  : Tomcat started on port(s): 8080 (http) with context path ''
2022-02-03 13:18:12.309  INFO 17096 --- [restartedMain] d.s.w.p.DocumentationPluginsBootstrapper : Context refreshed
2022-02-03 13:18:12.329  INFO 17096 --- [restartedMain] d.s.w.p.DocumentationPluginsBootstrapper : Found 1 custom documentation plugin(s)
2022-02-03 13:18:12.364  INFO 17096 --- [restartedMain] s.d.s.w.s.ApiListingReferenceScanner     : Scanning for api listing references
2022-02-03 13:18:12.500  INFO 17096 --- [http-nio-8080-exec-1] o.a.c.c.C.[Tomcat].[localhost].[/]       : Initializing Spring DispatcherServlet 'dispatcherServlet'
2022-02-03 13:18:12.501  INFO 17096 --- [http-nio-8080-exec-1] o.s.web.servlet.DispatcherServlet        : Initializing Servlet 'dispatcherServlet'
2022-02-03 13:18:12.503  INFO 17096 --- [http-nio-8080-exec-1] o.s.web.servlet.DispatcherServlet        : Completed initialization in 1 ms
2022-02-03 13:18:12.601  INFO 17096 --- [restartedMain] Gdsc.web.GdscWebApplication              : Started GdscWebApplication in 6.439 seconds (JVM running for 7.448)
